d:\projects\vısual studıo 2017\sectıon_02\bullcowgame\debug\vc141.pdb
d:\projects\vısual studıo 2017\sectıon_02\bullcowgame\debug\vc141.ıdb
d:\projects\vısual studıo 2017\sectıon_02\bullcowgame\debug\maın.obj
d:\projects\vısual studıo 2017\sectıon_02\bullcowgame\debug\fbullcowgame.obj
d:\projects\vısual studıo 2017\sectıon_02\debug\bullcowgame.exe
d:\projects\vısual studıo 2017\sectıon_02\debug\bullcowgame.ılk
d:\projects\vısual studıo 2017\sectıon_02\debug\bullcowgame.pdb
d:\projects\visual studio 2017\section_02\bullcowgame\debug\fbullcowgame.obj
d:\projects\visual studio 2017\section_02\bullcowgame\debug\main.obj
d:\projects\visual studio 2017\section_02\bullcowgame\debug\vc141.idb
d:\projects\visual studio 2017\section_02\bullcowgame\debug\vc141.pdb
d:\projects\visual studio 2017\section_02\debug\bullcowgame.pdb
d:\projects\visual studio 2017\section_02\debug\bullcowgame.exe
d:\projects\visual studio 2017\section_02\debug\bullcowgame.ilk
d:\projects\visual studio 2017\section_02\bullcowgame\debug\bullcowgame.tlog\cl.command.1.tlog
d:\projects\visual studio 2017\section_02\bullcowgame\debug\bullcowgame.tlog\cl.read.1.tlog
d:\projects\visual studio 2017\section_02\bullcowgame\debug\bullcowgame.tlog\cl.write.1.tlog
d:\projects\visual studio 2017\section_02\bullcowgame\debug\bullcowgame.tlog\link.command.1.tlog
d:\projects\visual studio 2017\section_02\bullcowgame\debug\bullcowgame.tlog\link.read.1.tlog
d:\projects\visual studio 2017\section_02\bullcowgame\debug\bullcowgame.tlog\link.write.1.tlog
